/*C3*/SET SCHEMA PUBLIC
INSERT INTO OPPONENT VALUES(1,'Fabian')
ALTER SEQUENCE PUBLIC.OPPONENT_SEQU RESTART WITH 2
COMMIT
INSERT INTO GAME VALUES(0,1,'2016-10-19 16:08:06.836000',NULL,NULL,NULL)
ALTER SEQUENCE PUBLIC.GAME_SEQU RESTART WITH 1
COMMIT
INSERT INTO GAMESET VALUES(0,0,'X',NULL,0,0)
ALTER SEQUENCE PUBLIC.SET_SEQU RESTART WITH 1
COMMIT
INSERT INTO TURN VALUES(0,0,0,'X',3)
ALTER SEQUENCE PUBLIC.TURN_SEQU RESTART WITH 1
COMMIT
INSERT INTO TURN VALUES(1,0,0,'O',4)
ALTER SEQUENCE PUBLIC.TURN_SEQU RESTART WITH 2
COMMIT
INSERT INTO TURN VALUES(2,0,0,'X',3)
ALTER SEQUENCE PUBLIC.TURN_SEQU RESTART WITH 3
COMMIT
INSERT INTO TURN VALUES(3,0,0,'O',4)
ALTER SEQUENCE PUBLIC.TURN_SEQU RESTART WITH 4
COMMIT
INSERT INTO TURN VALUES(4,0,0,'X',3)
ALTER SEQUENCE PUBLIC.TURN_SEQU RESTART WITH 5
COMMIT
INSERT INTO TURN VALUES(5,0,0,'O',6)
ALTER SEQUENCE PUBLIC.TURN_SEQU RESTART WITH 6
COMMIT
INSERT INTO TURN VALUES(6,0,0,'X',3)
ALTER SEQUENCE PUBLIC.TURN_SEQU RESTART WITH 7
COMMIT
